Arguments: 
  /usr/local/bin/node /usr/share/yarn/bin/yarn.js

PATH: 
  /home/timi/.local/bin:/usr/local/sbin:/usr/local/bin:/usr/sbin:/usr/bin:/sbin:/bin:/usr/games:/usr/local/games:/snap/bin

Yarn version: 
  1.15.2

Node version: 
  11.10.0

Platform: 
  linux x64

Trace: 
  Error: EACCES: permission denied, mkdir '/home/timi/Documents/LICENTA/backend/node_modules/node-gyp/node_modules/semver'

npm manifest: 
  {
    "name": "pluralsight",
    "version": "1.0.0",
    "description": "",
    "main": "app.js",
    "scripts": {
      "test": "echo \"Error: no test specified\" && exit 1",
      "start": "DEBUG=app nodemon app.js",
      "lint": "eslint app.js",
      "eslint:fix": "eslint ./app app.js --fix"
    },
    "author": "",
    "license": "ISC",
    "dependencies": {
      "body-parser": "^1.18.3",
      "chalk": "^2.4.1",
      "cors": "^2.8.5",
      "debug": "^3.1.0",
      "express": "^4.16.3",
      "jsonwebtoken": "^8.3.0",
      "morgan": "^1.9.1",
      "multer": "^1.4.1",
      "mysql": "^2.15.0",
      "node-schedule": "^1.3.2",
      "nodemon": "^1.17.5",
      "npm": "^6.9.0",
      "squel": "^5.12.0"
    },
    "devDependencies": {
      "eslint": "^4.19.1",
      "eslint-config-airbnb-base": "^13.0.0",
      "eslint-plugin-import": "^2.13.0"
    },
    "nodemonConfig": {
      "restartable": "rs",
      "ignore": [
        "node_modules/**/node_modules"
      ],
      "delay": "1500",
      "env": {
        "NODE_ENV": "development",
        "PORT": 4000
      }
    }
  }

yarn manifest: 
  No manifest

Lockfile: 
  No lockfile
